2025-12-27 11:55:28,699 INFO    StreamThr :17176 [internal.py:wandb_internal():91] W&B internal server running at pid: 17176, started at: 2025-12-27 11:55:28.698136
2025-12-27 11:55:28,700 DEBUG   HandlerThread:17176 [handler.py:handle_request():138] handle_request: status
2025-12-27 11:55:28,701 DEBUG   SenderThread:17176 [sender.py:send_request():315] send_request: status
2025-12-27 11:55:28,702 DEBUG   SenderThread:17176 [sender.py:send():301] send: header
2025-12-27 11:55:28,702 INFO    WriterThread:17176 [datastore.py:open_for_write():75] open: D:\users\lvcha\Documents\万恶之源研究生版\毕业相关\多模块\MMSD2.0\wandb\run-20251227_115528-okcig30l\run-okcig30l.wandb
2025-12-27 11:55:28,746 DEBUG   SenderThread:17176 [sender.py:send():301] send: run
2025-12-27 11:55:55,172 ERROR   SenderThread:17176 [retry.py:__call__():154] Retry attempt failed:
Traceback (most recent call last):
  File "C:\Users\lvcha\miniconda3\envs\mmsd2\lib\site-packages\urllib3\connectionpool.py", line 711, in urlopen
    self._prepare_proxy(conn)
  File "C:\Users\lvcha\miniconda3\envs\mmsd2\lib\site-packages\urllib3\connectionpool.py", line 1007, in _prepare_proxy
    conn.connect()
  File "C:\Users\lvcha\miniconda3\envs\mmsd2\lib\site-packages\urllib3\connection.py", line 429, in connect
    tls_in_tls=tls_in_tls,
  File "C:\Users\lvcha\miniconda3\envs\mmsd2\lib\site-packages\urllib3\util\ssl_.py", line 450, in ssl_wrap_socket
    sock, context, tls_in_tls, server_hostname=server_hostname
  File "C:\Users\lvcha\miniconda3\envs\mmsd2\lib\site-packages\urllib3\util\ssl_.py", line 493, in _ssl_wrap_socket_impl
    return ssl_context.wrap_socket(sock, server_hostname=server_hostname)
  File "C:\Users\lvcha\miniconda3\envs\mmsd2\lib\ssl.py", line 412, in wrap_socket
    session=session
  File "C:\Users\lvcha\miniconda3\envs\mmsd2\lib\ssl.py", line 853, in _create
    self.do_handshake()
  File "C:\Users\lvcha\miniconda3\envs\mmsd2\lib\ssl.py", line 1117, in do_handshake
    self._sslobj.do_handshake()
OSError: [Errno 0] Error

During handling of the above exception, another exception occurred:

Traceback (most recent call last):
  File "C:\Users\lvcha\miniconda3\envs\mmsd2\lib\site-packages\requests\adapters.py", line 497, in send
    chunked=chunked,
  File "C:\Users\lvcha\miniconda3\envs\mmsd2\lib\site-packages\urllib3\connectionpool.py", line 799, in urlopen
    method, url, error=e, _pool=self, _stacktrace=sys.exc_info()[2]
  File "C:\Users\lvcha\miniconda3\envs\mmsd2\lib\site-packages\urllib3\util\retry.py", line 592, in increment
    raise MaxRetryError(_pool, url, error or ResponseError(cause))
urllib3.exceptions.MaxRetryError: HTTPSConnectionPool(host='api.wandb.ai', port=443): Max retries exceeded with url: /graphql (Caused by ProxyError('Cannot connect to proxy.', OSError(0, 'Error')))

During handling of the above exception, another exception occurred:

Traceback (most recent call last):
  File "C:\Users\lvcha\miniconda3\envs\mmsd2\lib\site-packages\wandb\sdk\lib\retry.py", line 113, in __call__
    result = self._call_fn(*args, **kwargs)
  File "C:\Users\lvcha\miniconda3\envs\mmsd2\lib\site-packages\wandb\sdk\internal\internal_api.py", line 199, in execute
    return self.client.execute(*args, **kwargs)  # type: ignore
  File "C:\Users\lvcha\miniconda3\envs\mmsd2\lib\site-packages\wandb\vendor\gql-0.2.0\wandb_gql\client.py", line 52, in execute
    result = self._get_result(document, *args, **kwargs)
  File "C:\Users\lvcha\miniconda3\envs\mmsd2\lib\site-packages\wandb\vendor\gql-0.2.0\wandb_gql\client.py", line 60, in _get_result
    return self.transport.execute(document, *args, **kwargs)
  File "C:\Users\lvcha\miniconda3\envs\mmsd2\lib\site-packages\wandb\vendor\gql-0.2.0\wandb_gql\transport\requests.py", line 38, in execute
    request = requests.post(self.url, **post_args)
  File "C:\Users\lvcha\miniconda3\envs\mmsd2\lib\site-packages\requests\api.py", line 115, in post
    return request("post", url, data=data, json=json, **kwargs)
  File "C:\Users\lvcha\miniconda3\envs\mmsd2\lib\site-packages\requests\api.py", line 59, in request
    return session.request(method=method, url=url, **kwargs)
  File "C:\Users\lvcha\miniconda3\envs\mmsd2\lib\site-packages\requests\sessions.py", line 589, in request
    resp = self.send(prep, **send_kwargs)
  File "C:\Users\lvcha\miniconda3\envs\mmsd2\lib\site-packages\requests\sessions.py", line 703, in send
    r = adapter.send(request, **kwargs)
  File "C:\Users\lvcha\miniconda3\envs\mmsd2\lib\site-packages\requests\adapters.py", line 513, in send
    raise ProxyError(e, request=request)
requests.exceptions.ProxyError: HTTPSConnectionPool(host='api.wandb.ai', port=443): Max retries exceeded with url: /graphql (Caused by ProxyError('Cannot connect to proxy.', OSError(0, 'Error')))
2025-12-27 11:55:57,007 DEBUG   HandlerThread:17176 [handler.py:handle_request():138] handle_request: poll_exit
2025-12-27 11:56:02,113 DEBUG   HandlerThread:17176 [handler.py:handle_request():138] handle_request: poll_exit
2025-12-27 11:56:07,226 DEBUG   HandlerThread:17176 [handler.py:handle_request():138] handle_request: poll_exit
2025-12-27 11:56:12,344 DEBUG   HandlerThread:17176 [handler.py:handle_request():138] handle_request: poll_exit
2025-12-27 11:56:17,470 DEBUG   HandlerThread:17176 [handler.py:handle_request():138] handle_request: poll_exit
2025-12-27 11:56:22,578 DEBUG   HandlerThread:17176 [handler.py:handle_request():138] handle_request: poll_exit
2025-12-27 11:56:27,699 DEBUG   HandlerThread:17176 [handler.py:handle_request():138] handle_request: poll_exit
2025-12-27 11:56:32,826 DEBUG   HandlerThread:17176 [handler.py:handle_request():138] handle_request: poll_exit
2025-12-27 11:56:37,945 DEBUG   HandlerThread:17176 [handler.py:handle_request():138] handle_request: poll_exit
2025-12-27 11:56:43,060 DEBUG   HandlerThread:17176 [handler.py:handle_request():138] handle_request: poll_exit
2025-12-27 11:56:48,180 DEBUG   HandlerThread:17176 [handler.py:handle_request():138] handle_request: poll_exit
2025-12-27 11:56:53,284 DEBUG   HandlerThread:17176 [handler.py:handle_request():138] handle_request: poll_exit
2025-12-27 11:56:58,394 DEBUG   HandlerThread:17176 [handler.py:handle_request():138] handle_request: poll_exit
